<?xml version="1.0" encoding="UTF-8"?>
<!-- Generated by org.testng.reporters.JUnitXMLReporter -->
<testsuite ignored="0" hostname="LAPTOP-TITMNUN2" failures="0" tests="6" name="Default test" time="3.057" errors="0" timestamp="2023-10-16T17:11:01 IST">
  <testcase classname="DynamicJson" name="addBook" time="1.651"/>
  <testcase classname="DynamicJson" name="addBook" time="0.242"/>
  <testcase classname="DynamicJson" name="addBook" time="0.318"/>
  <testcase classname="DynamicJson" name="deleteBook" time="0.275"/>
  <testcase classname="DynamicJson" name="deleteBook" time="0.201"/>
  <testcase classname="DynamicJson" name="deleteBook" time="0.312"/>
</testsuite> <!-- Default test -->
