<?xml version="1.0" encoding="UTF-8"?>
<testng-results ignored="0" total="6" passed="6" failed="0" skipped="0">
  <reporter-output>
  </reporter-output>
  <suite started-at="2023-10-16T17:10:58 IST" name="Default suite" finished-at="2023-10-16T17:11:01 IST" duration-ms="3057">
    <groups>
    </groups>
    <test started-at="2023-10-16T17:10:58 IST" name="Default test" finished-at="2023-10-16T17:11:01 IST" duration-ms="3057">
      <class name="DynamicJson">
        <test-method signature="addBook(java.lang.String,java.lang.String)[pri:0, instance:DynamicJson@5f9b2141]" started-at="2023-10-16T17:10:58 IST" name="addBook" data-provider="BooksData" finished-at="2023-10-16T17:10:59 IST" duration-ms="1651" status="PASS">
          <params>
            <param index="0">
              <value>
                <![CDATA[akbjkb]]>
              </value>
            </param>
            <param index="1">
              <value>
                <![CDATA[1234]]>
              </value>
            </param>
          </params>
          <reporter-output>
          </reporter-output>
        </test-method> <!-- addBook -->
        <test-method signature="addBook(java.lang.String,java.lang.String)[pri:0, instance:DynamicJson@5f9b2141]" started-at="2023-10-16T17:10:59 IST" name="addBook" data-provider="BooksData" finished-at="2023-10-16T17:11:00 IST" duration-ms="242" status="PASS">
          <params>
            <param index="0">
              <value>
                <![CDATA[adgy]]>
              </value>
            </param>
            <param index="1">
              <value>
                <![CDATA[8723]]>
              </value>
            </param>
          </params>
          <reporter-output>
          </reporter-output>
        </test-method> <!-- addBook -->
        <test-method signature="addBook(java.lang.String,java.lang.String)[pri:0, instance:DynamicJson@5f9b2141]" started-at="2023-10-16T17:11:00 IST" name="addBook" data-provider="BooksData" finished-at="2023-10-16T17:11:00 IST" duration-ms="318" status="PASS">
          <params>
            <param index="0">
              <value>
                <![CDATA[adyu]]>
              </value>
            </param>
            <param index="1">
              <value>
                <![CDATA[87473]]>
              </value>
            </param>
          </params>
          <reporter-output>
          </reporter-output>
        </test-method> <!-- addBook -->
        <test-method signature="deleteBook(java.lang.String,java.lang.String)[pri:0, instance:DynamicJson@5f9b2141]" started-at="2023-10-16T17:11:00 IST" name="deleteBook" data-provider="BooksData" finished-at="2023-10-16T17:11:00 IST" duration-ms="275" status="PASS">
          <params>
            <param index="0">
              <value>
                <![CDATA[akbjkb]]>
              </value>
            </param>
            <param index="1">
              <value>
                <![CDATA[1234]]>
              </value>
            </param>
          </params>
          <reporter-output>
          </reporter-output>
        </test-method> <!-- deleteBook -->
        <test-method signature="deleteBook(java.lang.String,java.lang.String)[pri:0, instance:DynamicJson@5f9b2141]" started-at="2023-10-16T17:11:00 IST" name="deleteBook" data-provider="BooksData" finished-at="2023-10-16T17:11:00 IST" duration-ms="201" status="PASS">
          <params>
            <param index="0">
              <value>
                <![CDATA[adgy]]>
              </value>
            </param>
            <param index="1">
              <value>
                <![CDATA[8723]]>
              </value>
            </param>
          </params>
          <reporter-output>
          </reporter-output>
        </test-method> <!-- deleteBook -->
        <test-method signature="deleteBook(java.lang.String,java.lang.String)[pri:0, instance:DynamicJson@5f9b2141]" started-at="2023-10-16T17:11:01 IST" name="deleteBook" data-provider="BooksData" finished-at="2023-10-16T17:11:01 IST" duration-ms="312" status="PASS">
          <params>
            <param index="0">
              <value>
                <![CDATA[adyu]]>
              </value>
            </param>
            <param index="1">
              <value>
                <![CDATA[87473]]>
              </value>
            </param>
          </params>
          <reporter-output>
          </reporter-output>
        </test-method> <!-- deleteBook -->
      </class> <!-- DynamicJson -->
    </test> <!-- Default test -->
  </suite> <!-- Default suite -->
</testng-results>
